#
# There is insufficient memory for the Java Runtime Environment to continue.
# Native memory allocation (malloc) failed to allocate 511696 bytes for Chunk::new
# Possible reasons:
#   The system is out of physical RAM or swap space
#   The process is running with CompressedOops enabled, and the Java Heap may be blocking the growth of the native heap
# Possible solutions:
#   Reduce memory load on the system
#   Increase physical memory or swap space
#   Check if swap backing store is full
#   Decrease Java heap size (-Xmx/-Xms)
#   Decrease number of Java threads
#   Decrease Java thread stack sizes (-Xss)
#   Set larger code cache with -XX:ReservedCodeCacheSize=
#   JVM is running with Unscaled Compressed Oops mode in which the Java heap is
#     placed in the first 4GB address space. The Java Heap base address is the
#     maximum limit for the native heap growth. Please use -XX:HeapBaseMinAddress
#     to set the Java Heap base and to place the Java Heap above 4GB virtual address.
# This output file may be truncated or incomplete.
#
#  Out of Memory Error (./src/hotspot/share/memory/arena.cpp:197), pid=67212, tid=53176
#
# JRE version: OpenJDK Runtime Environment (11.0.17+7) (build 11.0.17+7-LTS)
# Java VM: OpenJDK 64-Bit Server VM (11.0.17+7-LTS, mixed mode, tiered, compressed oops, g1 gc, windows-amd64)
# No core dump will be written. Minidumps are not enabled by default on client versions of Windows
#

---------------  S U M M A R Y ------------

Command Line: -javaagent:D:\IntelliJ IDEA Community Edition 2022.2.3\lib\idea_rt.jar=56395:D:\IntelliJ IDEA Community Edition 2022.2.3\bin -Dfile.encoding=UTF-8 laba4.Main

Host: AMD Ryzen 5 3500U with Radeon Vega Mobile Gfx  , 8 cores, 5G,  Windows 10 , 64 bit Build 19041 (10.0.19041.2364)
Time: Wed Jan 11 23:45:40 2023 RTZ 2 (s 10 , 64 bit Build 19041 (10.0.19041.2364) elapsed time: 0.895623 seconds (0d 0h 0m 0s)

---------------  T H R E A D  ---------------

Current thread (0x00000144e5eb8800):  JavaThread "C2 CompilerThread0" daemon [_thread_in_native, id=53176, stack(0x000000375e500000,0x000000375e600000)]


Current CompileTask:
C2:    895  496       4       java.lang.String::split (324 bytes)

Stack: [0x000000375e500000,0x000000375e600000]
Native frames: (J=compiled Java code, j=interpreted, Vv=VM code, C=native code)
V  [jvm.dll+0x61ae9a]
V  [jvm.dll+0x7a5c99]
V  [jvm.dll+0x7a7479]
V  [jvm.dll+0x7a7b63]
V  [jvm.dll+0x24e248]
V  [jvm.dll+0xc21fc]
V  [jvm.dll+0xc27bc]
V  [jvm.dll+0x3579a7]
V  [jvm.dll+0x323c53]
V  [jvm.dll+0x322f8a]
V  [jvm.dll+0x207c63]
V  [jvm.dll+0x206d9d]
V  [jvm.dll+0x18a461]
V  [jvm.dll+0x216194]
V  [jvm.dll+0x2143db]
V  [jvm.dll+0x768a90]
V  [jvm.dll+0x7618f4]
V  [jvm.dll+0x619d05]
C  [ucrtbase.dll+0x21bb2]
C  [KERNEL32.DLL+0x17614]
C  [ntdll.dll+0x526a1]


---------------  P R O C E S S  ---------------

Threads class SMR info:
_java_thread_list=0x00000144e6a0e0e0, length=11, elements={
0x00000144c6a81000, 0x00000144e5e66000, 0x00000144e5e93800, 0x00000144e5ea3800,
0x00000144e5ea5800, 0x00000144e5ea6800, 0x00000144e5eb8800, 0x00000144e5ebd000,
0x00000144e5ebe000, 0x00000144c6b59000, 0x00000144e6be6800
}

Java Threads: ( => current thread )
  0x00000144c6a81000 JavaThread "main" [_thread_in_Java, id=67096, stack(0x000000375d900000,0x000000375da00000)]
  0x00000144e5e66000 JavaThread "Reference Handler" daemon [_thread_blocked, id=55188, stack(0x000000375e000000,0x000000375e100000)]
  0x00000144e5e93800 JavaThread "Finalizer" daemon [_thread_blocked, id=67376, stack(0x000000375e100000,0x000000375e200000)]
  0x00000144e5ea3800 JavaThread "Signal Dispatcher" daemon [_thread_blocked, id=43496, stack(0x000000375e200000,0x000000375e300000)]
  0x00000144e5ea5800 JavaThread "Attach Listener" daemon [_thread_blocked, id=66596, stack(0x000000375e300000,0x000000375e400000)]
  0x00000144e5ea6800 JavaThread "Service Thread" daemon [_thread_blocked, id=47352, stack(0x000000375e400000,0x000000375e500000)]
=>0x00000144e5eb8800 JavaThread "C2 CompilerThread0" daemon [_thread_in_native, id=53176, stack(0x000000375e500000,0x000000375e600000)]
  0x00000144e5ebd000 JavaThread "C1 CompilerThread0" daemon [_thread_blocked, id=50920, stack(0x000000375e600000,0x000000375e700000)]
  0x00000144e5ebe000 JavaThread "Sweeper thread" daemon [_thread_blocked, id=41064, stack(0x000000375e700000,0x000000375e800000)]
  0x00000144c6b59000 JavaThread "Common-Cleaner" daemon [_thread_blocked, id=3404, stack(0x000000375e800000,0x000000375e900000)]
  0x00000144e6be6800 JavaThread "Monitor Ctrl-Break" daemon [_thread_in_native, id=63980, stack(0x000000375e900000,0x000000375ea00000)]

Other Threads:
  0x00000144e5e62000 VMThread "VM Thread" [stack: 0x000000375df00000,0x000000375e000000] [id=63600]
  0x00000144e6b09000 WatcherThread [stack: 0x000000375ea00000,0x000000375eb00000] [id=50784]
  0x00000144c6a9b000 GCTaskThread "GC Thread#0" [stack: 0x000000375da00000,0x000000375db00000] [id=59108]
  0x00000144e6fd3000 GCTaskThread "GC Thread#1" [stack: 0x000000375eb00000,0x000000375ec00000] [id=58580]
  0x00000144c6ac0800 ConcurrentGCThread "G1 Main Marker" [stack: 0x000000375db00000,0x000000375dc00000] [id=66980]
  0x00000144c6ac6000 ConcurrentGCThread "G1 Conc#0" [stack: 0x000000375dc00000,0x000000375dd00000] [id=59040]
  0x00000144c6b4c800 ConcurrentGCThread "G1 Refine#0" [stack: 0x000000375dd00000,0x000000375de00000] [id=35888]
  0x00000144c6b4d800 ConcurrentGCThread "G1 Young RemSet Sampling" [stack: 0x000000375de00000,0x000000375df00000] [id=52284]

Threads with active compile tasks:
C2 CompilerThread0     1177  496       4       java.lang.String::split (324 bytes)

VM state:not at safepoint (normal execution)

VM Mutex/Monitor currently owned by a thread: None

Heap address: 0x00000000a1400000, size: 1516 MB, Compressed Oops mode: 32-bit
Narrow klass base: 0x0000000000000000, Narrow klass shift: 3
Compressed class space size: 1073741824 Address: 0x0000000100000000

Heap:
 garbage-first heap   total 98304K, used 44264K [0x00000000a1400000, 0x0000000100000000)
  region size 1024K, 44 young (45056K), 3 survivors (3072K)
 Metaspace       used 8605K, capacity 8861K, committed 9088K, reserved 1056768K
  class space    used 755K, capacity 842K, committed 896K, reserved 1048576K
Heap Regions: E=young(eden), S=young(survivor), O=old, HS=humongous(starts), HC=humongous(continues), CS=collection set, F=free, A=archive, TAMS=top-at-mark-start (previous, next)
|   0|0x00000000a1400000, 0x00000000a143a000, 0x00000000a1500000| 22%| O|  |TAMS 0x00000000a1400000, 0x00000000a1400000| Untracked 
|   1|0x00000000a1500000, 0x00000000a1500000, 0x00000000a1600000|  0%| F|  |TAMS 0x00000000a1500000, 0x00000000a1500000| Untracked 
|   2|0x00000000a1600000, 0x00000000a1600000, 0x00000000a1700000|  0%| F|  |TAMS 0x00000000a1600000, 0x00000000a1600000| Untracked 
|   3|0x00000000a1700000, 0x00000000a1700000, 0x00000000a1800000|  0%| F|  |TAMS 0x00000000a1700000, 0x00000000a1700000| Untracked 
|   4|0x00000000a1800000, 0x00000000a1800000, 0x00000000a1900000|  0%| F|  |TAMS 0x00000000a1800000, 0x00000000a1800000| Untracked 
|   5|0x00000000a1900000, 0x00000000a1900000, 0x00000000a1a00000|  0%| F|  |TAMS 0x00000000a1900000, 0x00000000a1900000| Untracked 
|   6|0x00000000a1a00000, 0x00000000a1a00000, 0x00000000a1b00000|  0%| F|  |TAMS 0x00000000a1a00000, 0x00000000a1a00000| Untracked 
|   7|0x00000000a1b00000, 0x00000000a1b00000, 0x00000000a1c00000|  0%| F|  |TAMS 0x00000000a1b00000, 0x00000000a1b00000| Untracked 
|   8|0x00000000a1c00000, 0x00000000a1c00000, 0x00000000a1d00000|  0%| F|  |TAMS 0x00000000a1c00000, 0x00000000a1c00000| Untracked 
|   9|0x00000000a1d00000, 0x00000000a1d00000, 0x00000000a1e00000|  0%| F|  |TAMS 0x00000000a1d00000, 0x00000000a1d00000| Untracked 
|  10|0x00000000a1e00000, 0x00000000a1e00000, 0x00000000a1f00000|  0%| F|  |TAMS 0x00000000a1e00000, 0x00000000a1e00000| Untracked 
|  11|0x00000000a1f00000, 0x00000000a1f00000, 0x00000000a2000000|  0%| F|  |TAMS 0x00000000a1f00000, 0x00000000a1f00000| Untracked 
|  12|0x00000000a2000000, 0x00000000a2000000, 0x00000000a2100000|  0%| F|  |TAMS 0x00000000a2000000, 0x00000000a2000000| Untracked 
|  13|0x00000000a2100000, 0x00000000a2100000, 0x00000000a2200000|  0%| F|  |TAMS 0x00000000a2100000, 0x00000000a2100000| Untracked 
|  14|0x00000000a2200000, 0x00000000a2200000, 0x00000000a2300000|  0%| F|  |TAMS 0x00000000a2200000, 0x00000000a2200000| Untracked 
|  15|0x00000000a2300000, 0x00000000a2300000, 0x00000000a2400000|  0%| F|  |TAMS 0x00000000a2300000, 0x00000000a2300000| Untracked 
|  16|0x00000000a2400000, 0x00000000a2400000, 0x00000000a2500000|  0%| F|  |TAMS 0x00000000a2400000, 0x00000000a2400000| Untracked 
|  17|0x00000000a2500000, 0x00000000a2500000, 0x00000000a2600000|  0%| F|  |TAMS 0x00000000a2500000, 0x00000000a2500000| Untracked 
|  18|0x00000000a2600000, 0x00000000a2600000, 0x00000000a2700000|  0%| F|  |TAMS 0x00000000a2600000, 0x00000000a2600000| Untracked 
|  19|0x00000000a2700000, 0x00000000a2700000, 0x00000000a2800000|  0%| F|  |TAMS 0x00000000a2700000, 0x00000000a2700000| Untracked 
|  20|0x00000000a2800000, 0x00000000a2800000, 0x00000000a2900000|  0%| F|  |TAMS 0x00000000a2800000, 0x00000000a2800000| Untracked 
|  21|0x00000000a2900000, 0x00000000a2900000, 0x00000000a2a00000|  0%| F|  |TAMS 0x00000000a2900000, 0x00000000a2900000| Untracked 
|  22|0x00000000a2a00000, 0x00000000a2a00000, 0x00000000a2b00000|  0%| F|  |TAMS 0x00000000a2a00000, 0x00000000a2a00000| Untracked 
|  23|0x00000000a2b00000, 0x00000000a2b00000, 0x00000000a2c00000|  0%| F|  |TAMS 0x00000000a2b00000, 0x00000000a2b00000| Untracked 
|  24|0x00000000a2c00000, 0x00000000a2c00000, 0x00000000a2d00000|  0%| F|  |TAMS 0x00000000a2c00000, 0x00000000a2c00000| Untracked 
|  25|0x00000000a2d00000, 0x00000000a2d00000, 0x00000000a2e00000|  0%| F|  |TAMS 0x00000000a2d00000, 0x00000000a2d00000| Untracked 
|  26|0x00000000a2e00000, 0x00000000a2e00000, 0x00000000a2f00000|  0%| F|  |TAMS 0x00000000a2e00000, 0x00000000a2e00000| Untracked 
|  27|0x00000000a2f00000, 0x00000000a2f00000, 0x00000000a3000000|  0%| F|  |TAMS 0x00000000a2f00000, 0x00000000a2f00000| Untracked 
|  28|0x00000000a3000000, 0x00000000a3000000, 0x00000000a3100000|  0%| F|  |TAMS 0x00000000a3000000, 0x00000000a3000000| Untracked 
|  29|0x00000000a3100000, 0x00000000a3100000, 0x00000000a3200000|  0%| F|  |TAMS 0x00000000a3100000, 0x00000000a3100000| Untracked 
|  30|0x00000000a3200000, 0x00000000a3200000, 0x00000000a3300000|  0%| F|  |TAMS 0x00000000a3200000, 0x00000000a3200000| Untracked 
|  31|0x00000000a3300000, 0x00000000a3300000, 0x00000000a3400000|  0%| F|  |TAMS 0x00000000a3300000, 0x00000000a3300000| Untracked 
|  32|0x00000000a3400000, 0x00000000a3400000, 0x00000000a3500000|  0%| F|  |TAMS 0x00000000a3400000, 0x00000000a3400000| Untracked 
|  33|0x00000000a3500000, 0x00000000a3500000, 0x00000000a3600000|  0%| F|  |TAMS 0x00000000a3500000, 0x00000000a3500000| Untracked 
|  34|0x00000000a3600000, 0x00000000a3600000, 0x00000000a3700000|  0%| F|  |TAMS 0x00000000a3600000, 0x00000000a3600000| Untracked 
|  35|0x00000000a3700000, 0x00000000a3700000, 0x00000000a3800000|  0%| F|  |TAMS 0x00000000a3700000, 0x00000000a3700000| Untracked 
|  36|0x00000000a3800000, 0x00000000a3800000, 0x00000000a3900000|  0%| F|  |TAMS 0x00000000a3800000, 0x00000000a3800000| Untracked 
|  37|0x00000000a3900000, 0x00000000a3900000, 0x00000000a3a00000|  0%| F|  |TAMS 0x00000000a3900000, 0x00000000a3900000| Untracked 
|  38|0x00000000a3a00000, 0x00000000a3a00000, 0x00000000a3b00000|  0%| F|  |TAMS 0x00000000a3a00000, 0x00000000a3a00000| Untracked 
|  39|0x00000000a3b00000, 0x00000000a3b00000, 0x00000000a3c00000|  0%| F|  |TAMS 0x00000000a3b00000, 0x00000000a3b00000| Untracked 
|  40|0x00000000a3c00000, 0x00000000a3c00000, 0x00000000a3d00000|  0%| F|  |TAMS 0x00000000a3c00000, 0x00000000a3c00000| Untracked 
|  41|0x00000000a3d00000, 0x00000000a3d00000, 0x00000000a3e00000|  0%| F|  |TAMS 0x00000000a3d00000, 0x00000000a3d00000| Untracked 
|  42|0x00000000a3e00000, 0x00000000a3e00000, 0x00000000a3f00000|  0%| F|  |TAMS 0x00000000a3e00000, 0x00000000a3e00000| Untracked 
|  43|0x00000000a3f00000, 0x00000000a3f00000, 0x00000000a4000000|  0%| F|  |TAMS 0x00000000a3f00000, 0x00000000a3f00000| Untracked 
|  44|0x00000000a4000000, 0x00000000a4000000, 0x00000000a4100000|  0%| F|  |TAMS 0x00000000a4000000, 0x00000000a4000000| Untracked 
|  45|0x00000000a4100000, 0x00000000a4100000, 0x00000000a4200000|  0%| F|  |TAMS 0x00000000a4100000, 0x00000000a4100000| Untracked 
|  46|0x00000000a4200000, 0x00000000a4200000, 0x00000000a4300000|  0%| F|  |TAMS 0x00000000a4200000, 0x00000000a4200000| Untracked 
|  47|0x00000000a4300000, 0x00000000a4300000, 0x00000000a4400000|  0%| F|  |TAMS 0x00000000a4300000, 0x00000000a4300000| Untracked 
|  48|0x00000000a4400000, 0x00000000a4400000, 0x00000000a4500000|  0%| F|  |TAMS 0x00000000a4400000, 0x00000000a4400000| Untracked 
|  49|0x00000000a4500000, 0x00000000a4500000, 0x00000000a4600000|  0%| F|  |TAMS 0x00000000a4500000, 0x00000000a4500000| Untracked 
|  50|0x00000000a4600000, 0x00000000a4600000, 0x00000000a4700000|  0%| F|  |TAMS 0x00000000a4600000, 0x00000000a4600000| Untracked 
|  51|0x00000000a4700000, 0x00000000a4700000, 0x00000000a4800000|  0%| F|  |TAMS 0x00000000a4700000, 0x00000000a4700000| Untracked 
|  52|0x00000000a4800000, 0x00000000a4900000, 0x00000000a4900000|100%| E|  |TAMS 0x00000000a4800000, 0x00000000a4800000| Complete 
|  53|0x00000000a4900000, 0x00000000a4a00000, 0x00000000a4a00000|100%| E|CS|TAMS 0x00000000a4900000, 0x00000000a4900000| Complete 
|  54|0x00000000a4a00000, 0x00000000a4b00000, 0x00000000a4b00000|100%| E|CS|TAMS 0x00000000a4a00000, 0x00000000a4a00000| Complete 
|  55|0x00000000a4b00000, 0x00000000a4c00000, 0x00000000a4c00000|100%| E|CS|TAMS 0x00000000a4b00000, 0x00000000a4b00000| Complete 
|  56|0x00000000a4c00000, 0x00000000a4d00000, 0x00000000a4d00000|100%| E|CS|TAMS 0x00000000a4c00000, 0x00000000a4c00000| Complete 
|  57|0x00000000a4d00000, 0x00000000a4e00000, 0x00000000a4e00000|100%| E|CS|TAMS 0x00000000a4d00000, 0x00000000a4d00000| Complete 
|  58|0x00000000a4e00000, 0x00000000a4f00000, 0x00000000a4f00000|100%| E|CS|TAMS 0x00000000a4e00000, 0x00000000a4e00000| Complete 
|  59|0x00000000a4f00000, 0x00000000a5000000, 0x00000000a5000000|100%| E|CS|TAMS 0x00000000a4f00000, 0x00000000a4f00000| Complete 
|  60|0x00000000a5000000, 0x00000000a5100000, 0x00000000a5100000|100%| E|CS|TAMS 0x00000000a5000000, 0x00000000a5000000| Complete 
|  61|0x00000000a5100000, 0x00000000a5200000, 0x00000000a5200000|100%| E|CS|TAMS 0x00000000a5100000, 0x00000000a5100000| Complete 
|  62|0x00000000a5200000, 0x00000000a5300000, 0x00000000a5300000|100%| E|CS|TAMS 0x00000000a5200000, 0x00000000a5200000| Complete 
|  63|0x00000000a5300000, 0x00000000a5400000, 0x00000000a5400000|100%| E|CS|TAMS 0x00000000a5300000, 0x00000000a5300000| Complete 
|  64|0x00000000a5400000, 0x00000000a5500000, 0x00000000a5500000|100%| E|CS|TAMS 0x00000000a5400000, 0x00000000a5400000| Complete 
|  65|0x00000000a5500000, 0x00000000a5600000, 0x00000000a5600000|100%| E|CS|TAMS 0x00000000a5500000, 0x00000000a5500000| Complete 
|  66|0x00000000a5600000, 0x00000000a5700000, 0x00000000a5700000|100%| E|CS|TAMS 0x00000000a5600000, 0x00000000a5600000| Complete 
|  67|0x00000000a5700000, 0x00000000a5800000, 0x00000000a5800000|100%| E|CS|TAMS 0x00000000a5700000, 0x00000000a5700000| Complete 
|  68|0x00000000a5800000, 0x00000000a5900000, 0x00000000a5900000|100%| E|CS|TAMS 0x00000000a5800000, 0x00000000a5800000| Complete 
|  69|0x00000000a5900000, 0x00000000a5a00000, 0x00000000a5a00000|100%| S|CS|TAMS 0x00000000a5900000, 0x00000000a5900000| Complete 
|  70|0x00000000a5a00000, 0x00000000a5b00000, 0x00000000a5b00000|100%| S|CS|TAMS 0x00000000a5a00000, 0x00000000a5a00000| Complete 
|  71|0x00000000a5b00000, 0x00000000a5c00000, 0x00000000a5c00000|100%| S|CS|TAMS 0x00000000a5b00000, 0x00000000a5b00000| Complete 
|  72|0x00000000a5c00000, 0x00000000a5d00000, 0x00000000a5d00000|100%| E|CS|TAMS 0x00000000a5c00000, 0x00000000a5c00000| Complete 
|  73|0x00000000a5d00000, 0x00000000a5e00000, 0x00000000a5e00000|100%| E|CS|TAMS 0x00000000a5d00000, 0x00000000a5d00000| Complete 
|  74|0x00000000a5e00000, 0x00000000a5f00000, 0x00000000a5f00000|100%| E|CS|TAMS 0x00000000a5e00000, 0x00000000a5e00000| Complete 
|  75|0x00000000a5f00000, 0x00000000a6000000, 0x00000000a6000000|100%| E|CS|TAMS 0x00000000a5f00000, 0x00000000a5f00000| Complete 
|  76|0x00000000a6000000, 0x00000000a6100000, 0x00000000a6100000|100%| E|CS|TAMS 0x00000000a6000000, 0x00000000a6000000| Complete 
|  77|0x00000000a6100000, 0x00000000a6200000, 0x00000000a6200000|100%| E|CS|TAMS 0x00000000a6100000, 0x00000000a6100000| Complete 
|  78|0x00000000a6200000, 0x00000000a6300000, 0x00000000a6300000|100%| E|CS|TAMS 0x00000000a6200000, 0x00000000a6200000| Complete 
|  79|0x00000000a6300000, 0x00000000a6400000, 0x00000000a6400000|100%| E|CS|TAMS 0x00000000a6300000, 0x00000000a6300000| Complete 
|  80|0x00000000a6400000, 0x00000000a6500000, 0x00000000a6500000|100%| E|CS|TAMS 0x00000000a6400000, 0x00000000a6400000| Complete 
|  81|0x00000000a6500000, 0x00000000a6600000, 0x00000000a6600000|100%| E|CS|TAMS 0x00000000a6500000, 0x00000000a6500000| Complete 
|  82|0x00000000a6600000, 0x00000000a6700000, 0x00000000a6700000|100%| E|CS|TAMS 0x00000000a6600000, 0x00000000a6600000| Complete 
|  83|0x00000000a6700000, 0x00000000a6800000, 0x00000000a6800000|100%| E|CS|TAMS 0x00000000a6700000, 0x00000000a6700000| Complete 
|  84|0x00000000a6800000, 0x00000000a6900000, 0x00000000a6900000|100%| E|CS|TAMS 0x00000000a6800000, 0x00000000a6800000| Complete 
|  85|0x00000000a6900000, 0x00000000a6a00000, 0x00000000a6a00000|100%| E|CS|TAMS 0x00000000a6900000, 0x00000000a6900000| Complete 
|  86|0x00000000a6a00000, 0x00000000a6b00000, 0x00000000a6b00000|100%| E|CS|TAMS 0x00000000a6a00000, 0x00000000a6a00000| Complete 
|  87|0x00000000a6b00000, 0x00000000a6c00000, 0x00000000a6c00000|100%| E|CS|TAMS 0x00000000a6b00000, 0x00000000a6b00000| Complete 
|  88|0x00000000a6c00000, 0x00000000a6d00000, 0x00000000a6d00000|100%| E|CS|TAMS 0x00000000a6c00000, 0x00000000a6c00000| Complete 
|  89|0x00000000a6d00000, 0x00000000a6e00000, 0x00000000a6e00000|100%| E|CS|TAMS 0x00000000a6d00000, 0x00000000a6d00000| Complete 
|  90|0x00000000a6e00000, 0x00000000a6f00000, 0x00000000a6f00000|100%| E|CS|TAMS 0x00000000a6e00000, 0x00000000a6e00000| Complete 
|  91|0x00000000a6f00000, 0x00000000a7000000, 0x00000000a7000000|100%| E|CS|TAMS 0x00000000a6f00000, 0x00000000a6f00000| Complete 
|  92|0x00000000a7000000, 0x00000000a7100000, 0x00000000a7100000|100%| E|CS|TAMS 0x00000000a7000000, 0x00000000a7000000| Complete 
|  93|0x00000000a7100000, 0x00000000a7200000, 0x00000000a7200000|100%| E|CS|TAMS 0x00000000a7100000, 0x00000000a7100000| Complete 
|  94|0x00000000a7200000, 0x00000000a7300000, 0x00000000a7300000|100%| E|CS|TAMS 0x00000000a7200000, 0x00000000a7200000| Complete 
|  95|0x00000000a7300000, 0x00000000a7400000, 0x00000000a7400000|100%| E|CS|TAMS 0x00000000a7300000, 0x00000000a7300000| Complete 

Card table byte_map: [0x00000144dff00000,0x00000144e0200000] _byte_map_base: 0x00000144df9f6000

Marking Bits (Prev, Next): (CMBitMap*) 0x00000144c6ab9ec8, (CMBitMap*) 0x00000144c6ab9f00
 Prev Bits: [0x00000144e0500000, 0x00000144e1cb0000)
 Next Bits: [0x00000144e1cb0000, 0x00000144e3460000)

Polling page: 0x00000144c6260000

Metaspace:

Usage:
  Non-class:      7.83 MB capacity,     7.67 MB ( 98%) used,   151.02 KB (  2%) free+waste,    18.19 KB ( <1%) overhead. 
      Class:    842.00 KB capacity,   755.36 KB ( 90%) used,    77.83 KB (  9%) free+waste,     8.81 KB (  1%) overhead. 
       Both:      8.65 MB capacity,     8.40 MB ( 97%) used,   228.84 KB (  3%) free+waste,    27.00 KB ( <1%) overhead. 

Virtual space:
  Non-class space:        8.00 MB reserved,       8.00 MB (100%) committed 
      Class space:        1.00 GB reserved,     896.00 KB ( <1%) committed 
             Both:        1.01 GB reserved,       8.88 MB ( <1%) committed 

Chunk freelists:
   Non-Class:  45.00 KB
       Class:  0 bytes
        Both:  45.00 KB

MaxMetaspaceSize: 17179869184.00 GB
CompressedClassSpaceSize: 1.00 GB
Initial GC threshold: 20.80 MB
Current GC threshold: 20.80 MB
CDS: off

CodeHeap 'non-profiled nmethods': size=120000Kb used=232Kb max_used=232Kb free=119767Kb
 bounds [0x00000144d8390000, 0x00000144d8600000, 0x00000144df8c0000]
CodeHeap 'profiled nmethods': size=120000Kb used=1563Kb max_used=1563Kb free=118436Kb
 bounds [0x00000144d0e60000, 0x00000144d10d0000, 0x00000144d8390000]
CodeHeap 'non-nmethods': size=5760Kb used=1139Kb max_used=1139Kb free=4620Kb
 bounds [0x00000144d08c0000, 0x00000144d0b30000, 0x00000144d0e60000]
 total_blobs=1294 nmethods=897 adapters=310
 compilation: enabled
              stopped_count=0, restarted_count=0
 full_count=0

Compilation events (20 events):
Event: 0.757 Thread 0x00000144e5eb8800 nmethod 494 0x00000144d83b2510 code [0x00000144d83b26c0, 0x00000144d83b2b38]
Event: 0.757 Thread 0x00000144e5eb8800  497       4       java.util.Calendar$Builder::build (639 bytes)
Event: 0.790 Thread 0x00000144e5ebd000  510       2       java.nio.Buffer::position (52 bytes)
Event: 0.790 Thread 0x00000144e5ebd000 nmethod 510 0x00000144d0f54090 code [0x00000144d0f54240, 0x00000144d0f543a8]
Event: 0.795 Thread 0x00000144e5ebd000  513       2       java.nio.Buffer::hasRemaining (17 bytes)
Event: 0.795 Thread 0x00000144e5ebd000 nmethod 513 0x00000144d0f54490 code [0x00000144d0f54640, 0x00000144d0f54758]
Event: 0.834 Thread 0x00000144e5ebd000  521       2       java.nio.ByteBuffer::arrayOffset (35 bytes)
Event: 0.834 Thread 0x00000144e5ebd000 nmethod 521 0x00000144d0f54810 code [0x00000144d0f549e0, 0x00000144d0f54bb8]
Event: 0.839 Thread 0x00000144e5ebd000  524       2       java.nio.ByteBuffer::position (8 bytes)
Event: 0.839 Thread 0x00000144e5ebd000 nmethod 524 0x00000144d0f54d10 code [0x00000144d0f54ec0, 0x00000144d0f54fe8]
Event: 0.844 Thread 0x00000144e5ebd000  527       2       java.lang.AbstractStringBuilder::appendChars (130 bytes)
Event: 0.845 Thread 0x00000144e5ebd000 nmethod 527 0x00000144d0f55090 code [0x00000144d0f55280, 0x00000144d0f55768]
Event: 0.852 Thread 0x00000144e5ebd000  528       2       java.nio.charset.CoderResult::isUnderflow (13 bytes)
Event: 0.852 Thread 0x00000144e5ebd000 nmethod 528 0x00000144d0f55b90 code [0x00000144d0f55d40, 0x00000144d0f55e58]
Event: 0.856 Thread 0x00000144e5eb8800 nmethod 497 0x00000144d83b2f90 code [0x00000144d83b3240, 0x00000144d83b4f90]
Event: 0.856 Thread 0x00000144e5eb8800  507       4       sun.util.calendar.ZoneInfo::getTransitionIndex (156 bytes)
Event: 0.859 Thread 0x00000144e5eb8800 nmethod 507 0x00000144d83b6010 code [0x00000144d83b61a0, 0x00000144d83b63b8]
Event: 0.859 Thread 0x00000144e5eb8800  496       4       java.lang.String::split (324 bytes)
Event: 0.870 Thread 0x00000144e5ebd000  530       2       java.nio.CharBuffer::arrayOffset (35 bytes)
Event: 0.870 Thread 0x00000144e5ebd000 nmethod 530 0x00000144d0f55f10 code [0x00000144d0f560e0, 0x00000144d0f562b8]

GC Heap History (2 events):
Event: 0.811 GC heap before
{Heap before GC invocations=0 (full 0):
 garbage-first heap   total 98304K, used 24576K [0x00000000a1400000, 0x0000000100000000)
  region size 1024K, 24 young (24576K), 0 survivors (0K)
 Metaspace       used 7694K, capacity 7789K, committed 7936K, reserved 1056768K
  class space    used 654K, capacity 677K, committed 768K, reserved 1048576K
}
Event: 0.824 GC heap after
{Heap after GC invocations=1 (full 0):
 garbage-first heap   total 98304K, used 3304K [0x00000000a1400000, 0x0000000100000000)
  region size 1024K, 3 young (3072K), 3 survivors (3072K)
 Metaspace       used 7694K, capacity 7789K, committed 7936K, reserved 1056768K
  class space    used 654K, capacity 677K, committed 768K, reserved 1048576K
}

Deoptimization events (4 events):
Event: 0.748 Thread 0x00000144c6a81000 Uncommon trap: trap_request=0xffffff4d fr.pc=0x00000144d83b11c4 relative=0x0000000000000184
Event: 0.748 Thread 0x00000144c6a81000 Uncommon trap: reason=unstable_if action=reinterpret pc=0x00000144d83b11c4 method=sun.util.calendar.ZoneInfo.getTransitionIndex(JI)I @ 120 c2
Event: 0.748 Thread 0x00000144c6a81000 DEOPT PACKING pc=0x00000144d83b11c4 sp=0x000000375d9fee00
Event: 0.748 Thread 0x00000144c6a81000 DEOPT UNPACKING pc=0x00000144d090a1af sp=0x000000375d9fed70 mode 2

Classes redefined (0 events):
No events

Internal exceptions (0 events):
No events

Events (20 events):
Event: 0.590 loading class jdk/internal/math/FloatingDecimal
Event: 0.591 loading class jdk/internal/math/FloatingDecimal done
Event: 0.591 loading class jdk/internal/math/FloatingDecimal$ExceptionalBinaryToASCIIBuffer
Event: 0.591 loading class jdk/internal/math/FloatingDecimal$BinaryToASCIIConverter
Event: 0.591 loading class jdk/internal/math/FloatingDecimal$BinaryToASCIIConverter done
Event: 0.591 loading class jdk/internal/math/FloatingDecimal$ExceptionalBinaryToASCIIBuffer done
Event: 0.591 loading class jdk/internal/math/FloatingDecimal$BinaryToASCIIBuffer
Event: 0.591 loading class jdk/internal/math/FloatingDecimal$BinaryToASCIIBuffer done
Event: 0.591 loading class jdk/internal/math/FloatingDecimal$1
Event: 0.592 loading class jdk/internal/math/FloatingDecimal$1 done
Event: 0.592 loading class jdk/internal/math/FloatingDecimal$PreparedASCIIToBinaryBuffer
Event: 0.592 loading class jdk/internal/math/FloatingDecimal$ASCIIToBinaryConverter
Event: 0.592 loading class jdk/internal/math/FloatingDecimal$ASCIIToBinaryConverter done
Event: 0.592 loading class jdk/internal/math/FloatingDecimal$PreparedASCIIToBinaryBuffer done
Event: 0.592 loading class jdk/internal/math/FloatingDecimal$ASCIIToBinaryBuffer
Event: 0.592 loading class jdk/internal/math/FloatingDecimal$ASCIIToBinaryBuffer done
Event: 0.592 loading class laba4/Person
Event: 0.592 loading class laba4/Person done
Event: 0.811 Executing VM operation: G1CollectForAllocation
Event: 0.824 Executing VM operation: G1CollectForAllocation done


Dynamic libraries:
0x00007ff6d2f30000 - 0x00007ff6d2f3d000 	C:\Users\maary\.jdks\liberica-11.0.17\bin\java.exe
0x00007ffe62290000 - 0x00007ffe62488000 	C:\WINDOWS\SYSTEM32\ntdll.dll
0x00007ffe5a2f0000 - 0x00007ffe5a307000 	C:\Program Files\Avast Software\Avast\aswhook.dll
0x00007ffe61f90000 - 0x00007ffe6204f000 	C:\WINDOWS\System32\KERNEL32.DLL
0x00007ffe5fe20000 - 0x00007ffe600f2000 	C:\WINDOWS\System32\KERNELBASE.dll
0x00007ffe5fa10000 - 0x00007ffe5fb10000 	C:\WINDOWS\System32\ucrtbase.dll
0x00007ffe57080000 - 0x00007ffe57095000 	C:\Users\maary\.jdks\liberica-11.0.17\bin\VCRUNTIME140.dll
0x00007ffe57f30000 - 0x00007ffe57f47000 	C:\Users\maary\.jdks\liberica-11.0.17\bin\jli.dll
0x00007ffe60760000 - 0x00007ffe60901000 	C:\WINDOWS\System32\USER32.dll
0x00007ffe5fb10000 - 0x00007ffe5fb32000 	C:\WINDOWS\System32\win32u.dll
0x00007ffe619d0000 - 0x00007ffe619fb000 	C:\WINDOWS\System32\GDI32.dll
0x00007ffe497d0000 - 0x00007ffe49a6a000 	C:\WINDOWS\WinSxS\amd64_microsoft.windows.common-controls_6595b64144ccf1df_6.0.19041.1110_none_60b5254171f9507e\COMCTL32.dll
0x00007ffe60170000 - 0x00007ffe6027f000 	C:\WINDOWS\System32\gdi32full.dll
0x00007ffe620e0000 - 0x00007ffe6217e000 	C:\WINDOWS\System32\msvcrt.dll
0x00007ffe5fcd0000 - 0x00007ffe5fd6d000 	C:\WINDOWS\System32\msvcp_win.dll
0x00007ffe60590000 - 0x00007ffe605c2000 	C:\WINDOWS\System32\IMM32.DLL
0x00007ffe1e7f0000 - 0x00007ffe1e88b000 	C:\Users\maary\.jdks\liberica-11.0.17\bin\msvcp140.dll
0x00007ffe02020000 - 0x00007ffe02b9d000 	C:\Users\maary\.jdks\liberica-11.0.17\bin\server\jvm.dll
0x00007ffe61a70000 - 0x00007ffe61b1e000 	C:\WINDOWS\System32\ADVAPI32.dll
0x00007ffe60400000 - 0x00007ffe6049c000 	C:\WINDOWS\System32\sechost.dll
0x00007ffe60630000 - 0x00007ffe60755000 	C:\WINDOWS\System32\RPCRT4.dll
0x00007ffe60f30000 - 0x00007ffe60f38000 	C:\WINDOWS\System32\PSAPI.DLL
0x00007ffe47e30000 - 0x00007ffe47e39000 	C:\WINDOWS\SYSTEM32\WSOCK32.dll
0x00007ffe577c0000 - 0x00007ffe577ca000 	C:\WINDOWS\SYSTEM32\VERSION.dll
0x00007ffe52b30000 - 0x00007ffe52b57000 	C:\WINDOWS\SYSTEM32\WINMM.dll
0x00007ffe61a00000 - 0x00007ffe61a6b000 	C:\WINDOWS\System32\WS2_32.dll
0x00007ffe5e220000 - 0x00007ffe5e232000 	C:\WINDOWS\SYSTEM32\kernel.appcore.dll
0x00007ffe59cc0000 - 0x00007ffe59cd0000 	C:\Users\maary\.jdks\liberica-11.0.17\bin\verify.dll
0x00007ffe5dfb0000 - 0x00007ffe5e194000 	C:\WINDOWS\SYSTEM32\DBGHELP.DLL
0x00007ffe49b40000 - 0x00007ffe49b75000 	C:\WINDOWS\SYSTEM32\dbgcore.DLL
0x00007ffe5f980000 - 0x00007ffe5fa02000 	C:\WINDOWS\System32\bcryptPrimitives.dll
0x00007ffe426c0000 - 0x00007ffe426e8000 	C:\Users\maary\.jdks\liberica-11.0.17\bin\java.dll
0x00007ffe57f20000 - 0x00007ffe57f2a000 	C:\Users\maary\.jdks\liberica-11.0.17\bin\jimage.dll
0x00007ffe59de0000 - 0x00007ffe59dee000 	C:\Users\maary\.jdks\liberica-11.0.17\bin\instrument.dll
0x00007ffe4ba80000 - 0x00007ffe4ba98000 	C:\Users\maary\.jdks\liberica-11.0.17\bin\zip.dll
0x00007ffe61220000 - 0x00007ffe61964000 	C:\WINDOWS\System32\SHELL32.dll
0x00007ffe5d750000 - 0x00007ffe5dee2000 	C:\WINDOWS\SYSTEM32\windows.storage.dll
0x00007ffe60970000 - 0x00007ffe60cc5000 	C:\WINDOWS\System32\combase.dll
0x00007ffe5f300000 - 0x00007ffe5f330000 	C:\WINDOWS\SYSTEM32\Wldp.dll
0x00007ffe60f40000 - 0x00007ffe60fed000 	C:\WINDOWS\System32\SHCORE.dll
0x00007ffe605d0000 - 0x00007ffe60625000 	C:\WINDOWS\System32\shlwapi.dll
0x00007ffe5f8c0000 - 0x00007ffe5f8df000 	C:\WINDOWS\SYSTEM32\profapi.dll
0x00007ffe49540000 - 0x00007ffe49559000 	C:\Users\maary\.jdks\liberica-11.0.17\bin\net.dll
0x00007ffe54770000 - 0x00007ffe5487c000 	C:\WINDOWS\SYSTEM32\WINHTTP.dll
0x00007ffe5f060000 - 0x00007ffe5f0ca000 	C:\WINDOWS\system32\mswsock.dll
0x00007ffe47fb0000 - 0x00007ffe47fc3000 	C:\Users\maary\.jdks\liberica-11.0.17\bin\nio.dll
0x00007ffe4bac0000 - 0x00007ffe4bada000 	D:\IntelliJ IDEA Community Edition 2022.2.3\bin\breakgen64.dll

dbghelp: loaded successfully - version: 4.0.5 - missing functions: none
symbol engine: initialized successfully - sym options: 0x614 - pdb path: .;C:\Users\maary\.jdks\liberica-11.0.17\bin;C:\WINDOWS\SYSTEM32;C:\Program Files\Avast Software\Avast;C:\WINDOWS\WinSxS\amd64_microsoft.windows.common-controls_6595b64144ccf1df_6.0.19041.1110_none_60b5254171f9507e;C:\Users\maary\.jdks\liberica-11.0.17\bin\server;D:\IntelliJ IDEA Community Edition 2022.2.3\bin

VM Arguments:
jvm_args: -javaagent:D:\IntelliJ IDEA Community Edition 2022.2.3\lib\idea_rt.jar=56395:D:\IntelliJ IDEA Community Edition 2022.2.3\bin -Dfile.encoding=UTF-8 
java_command: laba4.Main
java_class_path (initial): C:\Users\maary\IdeaProjects\laba4\target\classes
Launcher Type: SUN_STANDARD

[Global flags]
     intx CICompilerCount                          = 4                                         {product} {ergonomic}
     uint ConcGCThreads                            = 2                                         {product} {ergonomic}
     uint G1ConcRefinementThreads                  = 8                                         {product} {ergonomic}
   size_t G1HeapRegionSize                         = 1048576                                   {product} {ergonomic}
    uintx GCDrainStackTargetSize                   = 64                                        {product} {ergonomic}
   size_t InitialHeapSize                          = 100663296                                 {product} {ergonomic}
   size_t MarkStackSize                            = 4194304                                   {product} {ergonomic}
   size_t MaxHeapSize                              = 1589641216                                {product} {ergonomic}
   size_t MaxNewSize                               = 953155584                                 {product} {ergonomic}
   size_t MinHeapDeltaBytes                        = 1048576                                   {product} {ergonomic}
    uintx NonNMethodCodeHeapSize                   = 5836300                                {pd product} {ergonomic}
    uintx NonProfiledCodeHeapSize                  = 122910970                              {pd product} {ergonomic}
    uintx ProfiledCodeHeapSize                     = 122910970                              {pd product} {ergonomic}
    uintx ReservedCodeCacheSize                    = 251658240                              {pd product} {ergonomic}
     bool SegmentedCodeCache                       = true                                      {product} {ergonomic}
     bool UseCompressedClassPointers               = true                                 {lp64_product} {ergonomic}
     bool UseCompressedOops                        = true                                 {lp64_product} {ergonomic}
     bool UseG1GC                                  = true                                      {product} {ergonomic}
     bool UseLargePagesIndividualAllocation        = false                                  {pd product} {ergonomic}

Logging:
Log output configuration:
 #0: stdout all=warning uptime,level,tags
 #1: stderr all=off uptime,level,tags

Environment Variables:
PATH=C:\Program Files\Common Files\Oracle\Java\javapath;C:\WINDOWS\system32;C:\WINDOWS;C:\WINDOWS\System32\Wbem;C:\WINDOWS\System32\WindowsPowerShell\v1.0\;C:\WINDOWS\System32\OpenSSH\;D:\Git\cmd;C:\Users\maary\AppData\Local\Microsoft\WindowsApps;D:\IntelliJ IDEA Community Edition 2022.2.3\bin;;C:\Users\maary\AppData\Local\GitHubDesktop\bin
USERNAME=maary
OS=Windows_NT
PROCESSOR_IDENTIFIER=AMD64 Family 23 Model 24 Stepping 1, AuthenticAMD
TMP=C:\Users\maary\AppData\Local\Temp
TEMP=C:\Users\maary\AppData\Local\Temp



---------------  S Y S T E M  ---------------

OS: Windows 10 , 64 bit Build 19041 (10.0.19041.2364)
OS uptime: 14 days 16:40 hours

CPU:total 8 (initial active 8) (8 cores per cpu, 2 threads per core) family 23 model 24 stepping 1 microcode 0x0, cmov, cx8, fxsr, mmx, sse, sse2, sse3, ssse3, sse4.1, sse4.2, popcnt, avx, avx2, aes, clmul, mmxext, 3dnowpref, lzcnt, sse4a, ht, tsc, tscinvbit, tscinv, bmi1, bmi2, adx, sha, fma

Memory: 4k page, system-wide physical 6058M (327M free)
TotalPageFile size 24490M (AvailPageFile size 5M)
current process WorkingSet (physical memory assigned to process): 88M, peak: 88M
current process commit charge ("private bytes"): 182M, peak: 182M

vm_info: OpenJDK 64-Bit Server VM (11.0.17+7-LTS) for windows-amd64 JRE (11.0.17+7-LTS), built on Oct 14 2022 01:11:41 by "" with MS VC++ 15.9 (VS2017)

END.
